[go easy distribute] 2025/01/20 15:31:51 [Grade Service] -Grade Service is removed

[go easy distribute] 2025/01/20 15:31:51 [Grade Service] -Grade Service service is shutdown

[go easy distribute] 2025/01/20 15:31:51 [Grade Service] -shutting down grade service

[go easy distribute] 2025/01/20 15:34:43 [Grade Service] -Grade Service is removed

[go easy distribute] 2025/01/20 15:34:43 [Grade Service] -Grade Service service is shutdown

[go easy distribute] 2025/01/20 15:34:43 [Grade Service] -shutting down grade service

[go easy distribute] 2025/01/20 15:35:10 [Grade Service] -Grade Service is removed

[go easy distribute] 2025/01/20 15:35:10 [Grade Service] -Grade Service service is shutdown

[go easy distribute] 2025/01/20 15:35:10 [Grade Service] -shutting down grade service

[go easy distribute] 2025/01/20 15:35:25 [Grade Service] -Grade Service is removed

[go easy distribute] 2025/01/20 15:35:25 [Grade Service] -Grade Service service is shutdown

[go easy distribute] 2025/01/20 15:35:25 [Grade Service] -shutting down grade service

[go easy distribute] 2025/01/20 15:42:44 [Grade Service] - Grade Service is removed

[go easy distribute] 2025/01/20 15:42:45 [Grade Service] - Grade Service service is shutdown

[go easy distribute] 2025/01/20 15:42:46 [Grade Service] - shutting down grade service

[go easy distribute] 2025/01/20 15:44:19 [Grade Service] - Grade Service is removed

[go easy distribute] 2025/01/20 15:44:20 [Grade Service] - Grade Service service is shutdown

[go easy distribute] 2025/01/20 15:44:21 [Grade Service] - shutting down grade service

[go easy distribute] 2025/01/20 15:50:58 [Grade Service] - Grade Service is removed

[go easy distribute] 2025/01/20 15:50:59 [Grade Service] - Grade Service service is shutdown

[go easy distribute] 2025/01/20 15:50:59 [Grade Service] - shutting down grade service

